# JRE version: Java(TM) SE Runtime Environment (8.0_91-b14) (build 1.8.0_91-b14)
# Java VM: Java HotSpot(TM) 64-Bit Server VM (25.91-b14 mixed mode bsd-amd64 compressed oops)
Heap:
 PSYoungGen      total 46080K, used 13342K [0x0000000795580000, 0x0000000799180000, 0x00000007c0000000)
  eden space 31744K, 2% used [0x0000000795580000,0x0000000795657998,0x0000000797480000)
  from space 14336K, 87% used [0x0000000797500000,0x000000079812ff08,0x0000000798300000)
  to   space 14848K, 0% used [0x0000000798300000,0x0000000798300000,0x0000000799180000)
 ParOldGen       total 87552K, used 24623K [0x0000000740000000, 0x0000000745580000, 0x0000000795580000)
  object space 87552K, 28% used [0x0000000740000000,0x000000074180bdb0,0x0000000745580000)
 Metaspace       used 18293K, capacity 18572K, committed 18816K, reserved 1064960K
  class space    used 2300K, capacity 2410K, committed 2432K, reserved 1048576K
GC Heap History (10 events):
Event: 1094.914 GC heap before
{Heap before GC invocations=3 (full 0):
 PSYoungGen      total 38400K, used 38389K [0x0000000795580000, 0x0000000798000000, 0x00000007c0000000)
  eden space 33280K, 100% used [0x0000000795580000,0x0000000797600000,0x0000000797600000)
  from space 5120K, 99% used [0x0000000797b00000,0x0000000797ffd560,0x0000000798000000)
  to   space 5120K, 0% used [0x0000000797600000,0x0000000797600000,0x0000000797b00000)
 ParOldGen       total 87552K, used 7211K [0x0000000740000000, 0x0000000745580000, 0x0000000795580000)
  object space 87552K, 8% used [0x0000000740000000,0x000000074070add8,0x0000000745580000)
 Metaspace       used 17280K, capacity 17596K, committed 17792K, reserved 1064960K
  class space    used 2223K, capacity 2332K, committed 2432K, reserved 1048576K
Event: 1094.925 GC heap after
Heap after GC invocations=3 (full 0):
 PSYoungGen      total 38400K, used 5116K [0x0000000795580000, 0x0000000798000000, 0x00000007c0000000)
  eden space 33280K, 0% used [0x0000000795580000,0x0000000795580000,0x0000000797600000)
  from space 5120K, 99% used [0x0000000797600000,0x0000000797aff3d8,0x0000000797b00000)
  to   space 5120K, 0% used [0x0000000797b00000,0x0000000797b00000,0x0000000798000000)
 ParOldGen       total 87552K, used 13502K [0x0000000740000000, 0x0000000745580000, 0x0000000795580000)
  object space 87552K, 15% used [0x0000000740000000,0x0000000740d2f820,0x0000000745580000)
 Metaspace       used 17280K, capacity 17596K, committed 17792K, reserved 1064960K
  class space    used 2223K, capacity 2332K, committed 2432K, reserved 1048576K
}
Event: 6050.559 GC heap before
{Heap before GC invocations=4 (full 0):
 PSYoungGen      total 38400K, used 38396K [0x0000000795580000, 0x0000000798000000, 0x00000007c0000000)
  eden space 33280K, 100% used [0x0000000795580000,0x0000000797600000,0x0000000797600000)
  from space 5120K, 99% used [0x0000000797600000,0x0000000797aff3d8,0x0000000797b00000)
  to   space 5120K, 0% used [0x0000000797b00000,0x0000000797b00000,0x0000000798000000)
 ParOldGen       total 87552K, used 13502K [0x0000000740000000, 0x0000000745580000, 0x0000000795580000)
  object space 87552K, 15% used [0x0000000740000000,0x0000000740d2f820,0x0000000745580000)
 Metaspace       used 18060K, capacity 18350K, committed 18560K, reserved 1064960K
  class space    used 2289K, capacity 2405K, committed 2432K, reserved 1048576K
Event: 6050.611 GC heap after
Heap after GC invocations=4 (full 0):
 PSYoungGen      total 38400K, used 5099K [0x0000000795580000, 0x0000000798000000, 0x00000007c0000000)
  eden space 33280K, 0% used [0x0000000795580000,0x0000000795580000,0x0000000797600000)
  from space 5120K, 99% used [0x0000000797b00000,0x0000000797ffaf40,0x0000000798000000)
  to   space 5120K, 0% used [0x0000000797600000,0x0000000797600000,0x0000000797b00000)
 ParOldGen       total 87552K, used 16726K [0x0000000740000000, 0x0000000745580000, 0x0000000795580000)
  object space 87552K, 19% used [0x0000000740000000,0x00000007410558f8,0x0000000745580000)
 Metaspace       used 18060K, capacity 18350K, committed 18560K, reserved 1064960K
  class space    used 2289K, capacity 2405K, committed 2432K, reserved 1048576K
}
Event: 18157.417 GC heap before
{Heap before GC invocations=5 (full 0):
 PSYoungGen      total 38400K, used 38362K [0x0000000795580000, 0x0000000798000000, 0x00000007c0000000)
  eden space 33280K, 99% used [0x0000000795580000,0x00000007975fb9a0,0x0000000797600000)
  from space 5120K, 99% used [0x0000000797b00000,0x0000000797ffaf40,0x0000000798000000)
  to   space 5120K, 0% used [0x0000000797600000,0x0000000797600000,0x0000000797b00000)
 ParOldGen       total 87552K, used 16726K [0x0000000740000000, 0x0000000745580000, 0x0000000795580000)
  object space 87552K, 19% used [0x0000000740000000,0x00000007410558f8,0x0000000745580000)
 Metaspace       used 18143K, capacity 18420K, committed 18560K, reserved 1064960K
  class space    used 2295K, capacity 2406K, committed 2432K, reserved 1048576K
Event: 18157.469 GC heap after
Heap after GC invocations=5 (full 0):
 PSYoungGen      total 37888K, used 5118K [0x0000000795580000, 0x0000000799080000, 0x00000007c0000000)
  eden space 32768K, 0% used [0x0000000795580000,0x0000000795580000,0x0000000797580000)
  from space 5120K, 99% used [0x0000000797600000,0x0000000797affa70,0x0000000797b00000)
  to   space 13824K, 0% used [0x0000000798300000,0x0000000798300000,0x0000000799080000)
 ParOldGen       total 87552K, used 23665K [0x0000000740000000, 0x0000000745580000, 0x0000000795580000)
  object space 87552K, 27% used [0x0000000740000000,0x000000074171c5a0,0x0000000745580000)
 Metaspace       used 18143K, capacity 18420K, committed 18560K, reserved 1064960K
  class space    used 2295K, capacity 2406K, committed 2432K, reserved 1048576K
}
Event: 18266.536 GC heap before
{Heap before GC invocations=6 (full 0):
 PSYoungGen      total 37888K, used 37886K [0x0000000795580000, 0x0000000799080000, 0x00000007c0000000)
  eden space 32768K, 100% used [0x0000000795580000,0x0000000797580000,0x0000000797580000)
  from space 5120K, 99% used [0x0000000797600000,0x0000000797affa70,0x0000000797b00000)
  to   space 13824K, 0% used [0x0000000798300000,0x0000000798300000,0x0000000799080000)
 ParOldGen       total 87552K, used 23665K [0x0000000740000000, 0x0000000745580000, 0x0000000795580000)
  object space 87552K, 27% used [0x0000000740000000,0x000000074171c5a0,0x0000000745580000)
 Metaspace       used 18202K, capacity 18508K, committed 18816K, reserved 1064960K
  class space    used 2298K, capacity 2410K, committed 2432K, reserved 1048576K
Event: 18266.550 GC heap after
Heap after GC invocations=6 (full 0):
 PSYoungGen      total 46080K, used 12439K [0x0000000795580000, 0x0000000799100000, 0x00000007c0000000)
  eden space 32256K, 0% used [0x0000000795580000,0x0000000795580000,0x0000000797500000)
  from space 13824K, 89% used [0x0000000798300000,0x0000000798f25e70,0x0000000799080000)
  to   space 14336K, 0% used [0x0000000797500000,0x0000000797500000,0x0000000798300000)
 ParOldGen       total 87552K, used 23665K [0x0000000740000000, 0x0000000745580000, 0x0000000795580000)
  object space 87552K, 27% used [0x0000000740000000,0x000000074171c5a0,0x0000000745580000)
 Metaspace       used 18202K, capacity 18508K, committed 18816K, reserved 1064960K
  class space    used 2298K, capacity 2410K, committed 2432K, reserved 1048576K
}
Event: 44950.808 GC heap before
{Heap before GC invocations=7 (full 0):
 PSYoungGen      total 46080K, used 44695K [0x0000000795580000, 0x0000000799100000, 0x00000007c0000000)
  eden space 32256K, 100% used [0x0000000795580000,0x0000000797500000,0x0000000797500000)
  from space 13824K, 89% used [0x0000000798300000,0x0000000798f25e70,0x0000000799080000)
  to   space 14336K, 0% used [0x0000000797500000,0x0000000797500000,0x0000000798300000)
 ParOldGen       total 87552K, used 23665K [0x0000000740000000, 0x0000000745580000, 0x0000000795580000)
  object space 87552K, 27% used [0x0000000740000000,0x000000074171c5a0,0x0000000745580000)
 Metaspace       used 18290K, capacity 18572K, committed 18816K, reserved 1064960K
  class space    used 2300K, capacity 2410K, committed 2432K, reserved 1048576K
Event: 44950.953 GC heap after
Heap after GC invocations=7 (full 0):
 PSYoungGen      total 46080K, used 12479K [0x0000000795580000, 0x0000000799180000, 0x00000007c0000000)
  eden space 31744K, 0% used [0x0000000795580000,0x0000000795580000,0x0000000797480000)
  from space 14336K, 87% used [0x0000000797500000,0x000000079812ff08,0x0000000798300000)
  to   space 14848K, 0% used [0x0000000798300000,0x0000000798300000,0x0000000799180000)
 ParOldGen       total 87552K, used 24623K [0x0000000740000000, 0x0000000745580000, 0x0000000795580000)
  object space 87552K, 28% used [0x0000000740000000,0x000000074180bdb0,0x0000000745580000)
 Metaspace       used 18290K, capacity 18572K, committed 18816K, reserved 1064960K
  class space    used 2300K, capacity 2410K, committed 2432K, reserved 1048576K
}

